-------------------------------------------------------------------------------
Test set: com.example.services.UserServiceTest
-------------------------------------------------------------------------------
Tests run: 4, Failures: 1, Errors: 0, Skipped: 0, Time elapsed: 36.247 s <<< FAILURE! - in com.example.services.UserServiceTest
com.example.services.UserServiceTest.testFindUsersBornBefore  Time elapsed: 0.034 s  <<< FAILURE!
java.lang.AssertionError: expected:<3> but was:<4>
	at com.example.services.UserServiceTest.testFindUsersBornBefore(UserServiceTest.java:88)

